<?xml version="1.0" encoding="UTF-8"?>
<testsuite xmlns:xsi="http://www.w3.org/2001/XMLSchema-instance" xsi:noNamespaceSchemaLocation="https://maven.apache.org/surefire/maven-surefire-plugin/xsd/surefire-test-report.xsd" name="com.example.wrs.AppTest" time="0.019" tests="1" errors="0" skipped="0" failures="0">
  <properties>
    <property name="sun.desktop" value="gnome"/>
    <property name="awt.toolkit" value="sun.awt.X11.XToolkit"/>
    <property name="java.specification.version" value="11"/>
    <property name="sun.cpu.isalist" value=""/>
    <property name="sun.jnu.encoding" value="UTF-8"/>
    <property name="java.class.path" value="/home/bill/Projects/demo/target/test-classes:/home/bill/Projects/demo/target/classes:/home/bill/.m2/repository/junit/junit/4.11/junit-4.11.jar:/home/bill/.m2/repository/org/hamcrest/hamcrest-core/1.3/hamcrest-core-1.3.jar:/home/bill/.m2/repository/software/amazon/awssdk/secretsmanager/2.18.30/secretsmanager-2.18.30.jar:/home/bill/.m2/repository/software/amazon/awssdk/aws-json-protocol/2.18.30/aws-json-protocol-2.18.30.jar:/home/bill/.m2/repository/software/amazon/awssdk/third-party-jackson-core/2.18.30/third-party-jackson-core-2.18.30.jar:/home/bill/.m2/repository/software/amazon/awssdk/protocol-core/2.18.30/protocol-core-2.18.30.jar:/home/bill/.m2/repository/software/amazon/awssdk/sdk-core/2.18.30/sdk-core-2.18.30.jar:/home/bill/.m2/repository/software/amazon/awssdk/profiles/2.18.30/profiles-2.18.30.jar:/home/bill/.m2/repository/org/slf4j/slf4j-api/1.7.30/slf4j-api-1.7.30.jar:/home/bill/.m2/repository/org/reactivestreams/reactive-streams/1.0.3/reactive-streams-1.0.3.jar:/home/bill/.m2/repository/software/amazon/awssdk/auth/2.18.30/auth-2.18.30.jar:/home/bill/.m2/repository/software/amazon/eventstream/eventstream/1.0.1/eventstream-1.0.1.jar:/home/bill/.m2/repository/software/amazon/awssdk/http-client-spi/2.18.30/http-client-spi-2.18.30.jar:/home/bill/.m2/repository/software/amazon/awssdk/regions/2.18.30/regions-2.18.30.jar:/home/bill/.m2/repository/software/amazon/awssdk/annotations/2.18.30/annotations-2.18.30.jar:/home/bill/.m2/repository/software/amazon/awssdk/utils/2.18.30/utils-2.18.30.jar:/home/bill/.m2/repository/software/amazon/awssdk/aws-core/2.18.30/aws-core-2.18.30.jar:/home/bill/.m2/repository/software/amazon/awssdk/metrics-spi/2.18.30/metrics-spi-2.18.30.jar:/home/bill/.m2/repository/software/amazon/awssdk/json-utils/2.18.30/json-utils-2.18.30.jar:/home/bill/.m2/repository/software/amazon/awssdk/endpoints-spi/2.18.30/endpoints-spi-2.18.30.jar:/home/bill/.m2/repository/software/amazon/awssdk/apache-client/2.18.30/apache-client-2.18.30.jar:/home/bill/.m2/repository/org/apache/httpcomponents/httpclient/4.5.13/httpclient-4.5.13.jar:/home/bill/.m2/repository/commons-logging/commons-logging/1.2/commons-logging-1.2.jar:/home/bill/.m2/repository/commons-codec/commons-codec/1.11/commons-codec-1.11.jar:/home/bill/.m2/repository/org/apache/httpcomponents/httpcore/4.4.13/httpcore-4.4.13.jar:/home/bill/.m2/repository/software/amazon/awssdk/netty-nio-client/2.18.30/netty-nio-client-2.18.30.jar:/home/bill/.m2/repository/io/netty/netty-codec-http/4.1.77.Final/netty-codec-http-4.1.77.Final.jar:/home/bill/.m2/repository/io/netty/netty-codec-http2/4.1.77.Final/netty-codec-http2-4.1.77.Final.jar:/home/bill/.m2/repository/io/netty/netty-codec/4.1.77.Final/netty-codec-4.1.77.Final.jar:/home/bill/.m2/repository/io/netty/netty-transport/4.1.77.Final/netty-transport-4.1.77.Final.jar:/home/bill/.m2/repository/io/netty/netty-resolver/4.1.77.Final/netty-resolver-4.1.77.Final.jar:/home/bill/.m2/repository/io/netty/netty-common/4.1.77.Final/netty-common-4.1.77.Final.jar:/home/bill/.m2/repository/io/netty/netty-buffer/4.1.77.Final/netty-buffer-4.1.77.Final.jar:/home/bill/.m2/repository/io/netty/netty-handler/4.1.77.Final/netty-handler-4.1.77.Final.jar:/home/bill/.m2/repository/io/netty/netty-transport-classes-epoll/4.1.77.Final/netty-transport-classes-epoll-4.1.77.Final.jar:/home/bill/.m2/repository/io/netty/netty-transport-native-unix-common/4.1.77.Final/netty-transport-native-unix-common-4.1.77.Final.jar:"/>
    <property name="java.vm.vendor" value="Ubuntu"/>
    <property name="sun.arch.data.model" value="64"/>
    <property name="java.vendor.url" value="https://ubuntu.com/"/>
    <property name="user.timezone" value=""/>
    <property name="java.vm.specification.version" value="11"/>
    <property name="os.name" value="Linux"/>
    <property name="sun.java.launcher" value="SUN_STANDARD"/>
    <property name="user.country" value="US"/>
    <property name="sun.boot.library.path" value="/usr/lib/jvm/java-11-openjdk-amd64/lib"/>
    <property name="sun.java.command" value="/home/bill/Projects/demo/target/surefire/surefirebooter3884724439926836761.jar /home/bill/Projects/demo/target/surefire 2023-04-25T14-30-13_608-jvmRun1 surefire7582252465301731559tmp surefire_017291531773241317330tmp"/>
    <property name="jdk.debug" value="release"/>
    <property name="surefire.test.class.path" value="/home/bill/Projects/demo/target/test-classes:/home/bill/Projects/demo/target/classes:/home/bill/.m2/repository/junit/junit/4.11/junit-4.11.jar:/home/bill/.m2/repository/org/hamcrest/hamcrest-core/1.3/hamcrest-core-1.3.jar:/home/bill/.m2/repository/software/amazon/awssdk/secretsmanager/2.18.30/secretsmanager-2.18.30.jar:/home/bill/.m2/repository/software/amazon/awssdk/aws-json-protocol/2.18.30/aws-json-protocol-2.18.30.jar:/home/bill/.m2/repository/software/amazon/awssdk/third-party-jackson-core/2.18.30/third-party-jackson-core-2.18.30.jar:/home/bill/.m2/repository/software/amazon/awssdk/protocol-core/2.18.30/protocol-core-2.18.30.jar:/home/bill/.m2/repository/software/amazon/awssdk/sdk-core/2.18.30/sdk-core-2.18.30.jar:/home/bill/.m2/repository/software/amazon/awssdk/profiles/2.18.30/profiles-2.18.30.jar:/home/bill/.m2/repository/org/slf4j/slf4j-api/1.7.30/slf4j-api-1.7.30.jar:/home/bill/.m2/repository/org/reactivestreams/reactive-streams/1.0.3/reactive-streams-1.0.3.jar:/home/bill/.m2/repository/software/amazon/awssdk/auth/2.18.30/auth-2.18.30.jar:/home/bill/.m2/repository/software/amazon/eventstream/eventstream/1.0.1/eventstream-1.0.1.jar:/home/bill/.m2/repository/software/amazon/awssdk/http-client-spi/2.18.30/http-client-spi-2.18.30.jar:/home/bill/.m2/repository/software/amazon/awssdk/regions/2.18.30/regions-2.18.30.jar:/home/bill/.m2/repository/software/amazon/awssdk/annotations/2.18.30/annotations-2.18.30.jar:/home/bill/.m2/repository/software/amazon/awssdk/utils/2.18.30/utils-2.18.30.jar:/home/bill/.m2/repository/software/amazon/awssdk/aws-core/2.18.30/aws-core-2.18.30.jar:/home/bill/.m2/repository/software/amazon/awssdk/metrics-spi/2.18.30/metrics-spi-2.18.30.jar:/home/bill/.m2/repository/software/amazon/awssdk/json-utils/2.18.30/json-utils-2.18.30.jar:/home/bill/.m2/repository/software/amazon/awssdk/endpoints-spi/2.18.30/endpoints-spi-2.18.30.jar:/home/bill/.m2/repository/software/amazon/awssdk/apache-client/2.18.30/apache-client-2.18.30.jar:/home/bill/.m2/repository/org/apache/httpcomponents/httpclient/4.5.13/httpclient-4.5.13.jar:/home/bill/.m2/repository/commons-logging/commons-logging/1.2/commons-logging-1.2.jar:/home/bill/.m2/repository/commons-codec/commons-codec/1.11/commons-codec-1.11.jar:/home/bill/.m2/repository/org/apache/httpcomponents/httpcore/4.4.13/httpcore-4.4.13.jar:/home/bill/.m2/repository/software/amazon/awssdk/netty-nio-client/2.18.30/netty-nio-client-2.18.30.jar:/home/bill/.m2/repository/io/netty/netty-codec-http/4.1.77.Final/netty-codec-http-4.1.77.Final.jar:/home/bill/.m2/repository/io/netty/netty-codec-http2/4.1.77.Final/netty-codec-http2-4.1.77.Final.jar:/home/bill/.m2/repository/io/netty/netty-codec/4.1.77.Final/netty-codec-4.1.77.Final.jar:/home/bill/.m2/repository/io/netty/netty-transport/4.1.77.Final/netty-transport-4.1.77.Final.jar:/home/bill/.m2/repository/io/netty/netty-resolver/4.1.77.Final/netty-resolver-4.1.77.Final.jar:/home/bill/.m2/repository/io/netty/netty-common/4.1.77.Final/netty-common-4.1.77.Final.jar:/home/bill/.m2/repository/io/netty/netty-buffer/4.1.77.Final/netty-buffer-4.1.77.Final.jar:/home/bill/.m2/repository/io/netty/netty-handler/4.1.77.Final/netty-handler-4.1.77.Final.jar:/home/bill/.m2/repository/io/netty/netty-transport-classes-epoll/4.1.77.Final/netty-transport-classes-epoll-4.1.77.Final.jar:/home/bill/.m2/repository/io/netty/netty-transport-native-unix-common/4.1.77.Final/netty-transport-native-unix-common-4.1.77.Final.jar:"/>
    <property name="sun.cpu.endian" value="little"/>
    <property name="user.home" value="/home/bill"/>
    <property name="user.language" value="en"/>
    <property name="java.specification.vendor" value="Oracle Corporation"/>
    <property name="java.version.date" value="2023-01-17"/>
    <property name="java.home" value="/usr/lib/jvm/java-11-openjdk-amd64"/>
    <property name="file.separator" value="/"/>
    <property name="basedir" value="/home/bill/Projects/demo"/>
    <property name="java.vm.compressedOopsMode" value="Zero based"/>
    <property name="line.separator" value="&#10;"/>
    <property name="java.specification.name" value="Java Platform API Specification"/>
    <property name="java.vm.specification.vendor" value="Oracle Corporation"/>
    <property name="java.awt.graphicsenv" value="sun.awt.X11GraphicsEnvironment"/>
    <property name="surefire.real.class.path" value="/home/bill/Projects/demo/target/surefire/surefirebooter3884724439926836761.jar"/>
    <property name="sun.management.compiler" value="HotSpot 64-Bit Tiered Compilers"/>
    <property name="java.runtime.version" value="11.0.18+10-post-Ubuntu-0ubuntu122.04"/>
    <property name="user.name" value="bill"/>
    <property name="path.separator" value=":"/>
    <property name="os.version" value="5.19.0-40-generic"/>
    <property name="java.runtime.name" value="OpenJDK Runtime Environment"/>
    <property name="file.encoding" value="UTF-8"/>
    <property name="java.vm.name" value="OpenJDK 64-Bit Server VM"/>
    <property name="localRepository" value="/home/bill/.m2/repository"/>
    <property name="java.vendor.url.bug" value="https://bugs.launchpad.net/ubuntu/+source/openjdk-lts"/>
    <property name="java.io.tmpdir" value="/tmp"/>
    <property name="java.version" value="11.0.18"/>
    <property name="user.dir" value="/home/bill/Projects/demo"/>
    <property name="os.arch" value="amd64"/>
    <property name="java.vm.specification.name" value="Java Virtual Machine Specification"/>
    <property name="java.awt.printerjob" value="sun.print.PSPrinterJob"/>
    <property name="sun.os.patch.level" value="unknown"/>
    <property name="java.library.path" value="/usr/java/packages/lib:/usr/lib/x86_64-linux-gnu/jni:/lib/x86_64-linux-gnu:/usr/lib/x86_64-linux-gnu:/usr/lib/jni:/lib:/usr/lib"/>
    <property name="java.vm.info" value="mixed mode, sharing"/>
    <property name="java.vendor" value="Ubuntu"/>
    <property name="java.vm.version" value="11.0.18+10-post-Ubuntu-0ubuntu122.04"/>
    <property name="sun.io.unicode.encoding" value="UnicodeLittle"/>
    <property name="java.class.version" value="55.0"/>
  </properties>
  <testcase name="shouldAnswerWithTrue" classname="com.example.wrs.AppTest" time="0.001"/>
</testsuite>